<?xml version="1.0" encoding="UTF-8"?>
<!-- Generated by org.testng.reporters.JUnitReportReporter -->
<testsuite hostname="PF3HQXBW" failures="0" tests="4" name="ctg.automation.pageobjects.Exercise10" time="8.931" errors="0" timestamp="26 apr. 2024 15:52:14 GMT" skipped="0">
  <testcase classname="ctg.automation.pageobjects.Exercise10" name="loggingWithIncorrectUsernameAndPassword" time="0.589"/>
  <testcase classname="ctg.automation.pageobjects.Exercise10" name="loggingWithCorrectUsernameAndIncorrectPassword" time="1.003"/>
  <testcase classname="ctg.automation.pageobjects.Exercise10" name="loggingWithCorrectUsernameAndPassword" time="6.816"/>
  <testcase classname="ctg.automation.pageobjects.Exercise10" name="loggingWithemptyUsernameAndPassword" time="0.523"/>
</testsuite> <!-- ctg.automation.pageobjects.Exercise10 -->
