<?xml version="1.0" encoding="UTF-8"?>
<!-- Generated by org.testng.reporters.JUnitReportReporter -->
<testsuite hostname="PF3HQXBW" failures="0" tests="1" name="ctg.automation.testcases.TestCaseStatsPage" time="22.622" errors="0" timestamp="29 apr. 2024 11:27:46 GMT" skipped="0">
  <testcase classname="ctg.automation.testcases.TestCaseStatsPage" name="verifyTableData" time="22.622"/>
</testsuite> <!-- ctg.automation.testcases.TestCaseStatsPage -->
