<?xml version="1.0" encoding="UTF-8"?>
<!-- Generated by org.testng.reporters.JUnitReportReporter -->
<testsuite hostname="PF3HQXBW" failures="0" tests="1" name="ctg.automation.testcases.GoogleSearchPage4" time="6.121" errors="0" timestamp="29 apr. 2024 09:18:58 GMT" skipped="0">
  <testcase classname="ctg.automation.testcases.GoogleSearchPage4" name="SearchSelenium" time="6.121"/>
</testsuite> <!-- ctg.automation.testcases.GoogleSearchPage4 -->
