<?xml version="1.0" encoding="UTF-8"?>
<!-- Generated by org.testng.reporters.JUnitReportReporter -->
<testsuite hostname="PF3HQXBW" failures="0" tests="1" name="ctg.automation.testcases.TestCaseCustomExpectedCondition" time="9.408" errors="0" timestamp="29 apr. 2024 22:46:34 GMT" skipped="0">
  <testcase classname="ctg.automation.testcases.TestCaseCustomExpectedCondition" name="verifyTableData" time="9.408"/>
</testsuite> <!-- ctg.automation.testcases.TestCaseCustomExpectedCondition -->
