<?xml version="1.0" encoding="UTF-8"?>
<!-- Generated by org.testng.reporters.JUnitReportReporter -->
<testsuite hostname="PF3HQXBW" failures="0" tests="1" name="ctg.automation.connection.TestCaseDataHolder" time="8.757" errors="0" timestamp="28 apr. 2024 17:37:42 GMT" skipped="0">
  <testcase classname="ctg.automation.connection.TestCaseDataHolder" name="loggingWithemptyUsernameAndPassword" time="8.757"/>
</testsuite> <!-- ctg.automation.connection.TestCaseDataHolder -->
