<?xml version="1.0" encoding="UTF-8"?>
<!-- Generated by org.testng.reporters.JUnitReportReporter -->
<testsuite hostname="PF3HQXBW" failures="0" tests="1" name="ctg.automation.testcases.TestCaseDataHolder" time="8.776" errors="0" timestamp="29 apr. 2024 09:18:58 GMT" skipped="0">
  <testcase classname="ctg.automation.testcases.TestCaseDataHolder" name="loggingWithemptyUsernameAndPassword" time="8.776"/>
</testsuite> <!-- ctg.automation.testcases.TestCaseDataHolder -->
