<?xml version="1.0" encoding="UTF-8"?>
<!-- Generated by org.testng.reporters.JUnitReportReporter -->
<testsuite hostname="PF3HQXBW" failures="0" tests="2" name="ctg.automation.testcases.GoogleSearchPage1" time="7.271" errors="0" timestamp="29 apr. 2024 09:18:58 GMT" skipped="0">
  <testcase classname="ctg.automation.testcases.GoogleSearchPage1" name="SearchSelenium" time="3.644"/>
  <testcase classname="ctg.automation.testcases.GoogleSearchPage1" name="SearchCTG" time="3.627"/>
</testsuite> <!-- ctg.automation.testcases.GoogleSearchPage1 -->
