<?xml version="1.0" encoding="UTF-8"?>
<!-- Generated by org.testng.reporters.JUnitReportReporter -->
<testsuite hostname="PF3HQXBW" failures="0" tests="1" name="ctg.automation.testcases.TestCaseJavaScript" time="21.360" errors="0" timestamp="29 apr. 2024 22:31:07 GMT" skipped="0">
  <testcase classname="ctg.automation.testcases.TestCaseJavaScript" name="verifyTableData" time="21.360"/>
</testsuite> <!-- ctg.automation.testcases.TestCaseJavaScript -->
